<?xml version="1.0" encoding="UTF-8"?>
<testng-results skipped="0" failed="0" ignored="0" total="1" passed="1">
  <reporter-output>
  </reporter-output>
  <suite name="Default suite" duration-ms="24658" started-at="2019-07-09T04:36:33Z" finished-at="2019-07-09T04:36:57Z">
    <groups>
    </groups>
    <test name="Default test" duration-ms="24658" started-at="2019-07-09T04:36:33Z" finished-at="2019-07-09T04:36:57Z">
      <class name="com.training.sanity.tests.TestCase3">
        <test-method status="PASS" signature="setUpBeforeClass()[pri:0, instance:com.training.sanity.tests.TestCase3@1b604f19]" name="setUpBeforeClass" is-config="true" duration-ms="49" started-at="2019-07-09T10:06:33Z" finished-at="2019-07-09T10:06:33Z">
          <reporter-output>
          </reporter-output>
        </test-method> <!-- setUpBeforeClass -->
        <test-method status="PASS" signature="setUp()[pri:0, instance:com.training.sanity.tests.TestCase3@1b604f19]" name="setUp" is-config="true" duration-ms="10142" started-at="2019-07-09T10:06:33Z" finished-at="2019-07-09T10:06:43Z">
          <reporter-output>
          </reporter-output>
        </test-method> <!-- setUp -->
        <test-method status="PASS" signature="validLoginTest()[pri:0, instance:com.training.sanity.tests.TestCase3@1b604f19]" name="validLoginTest" duration-ms="12194" started-at="2019-07-09T10:06:43Z" finished-at="2019-07-09T10:06:55Z">
          <reporter-output>
          </reporter-output>
        </test-method> <!-- validLoginTest -->
        <test-method status="PASS" signature="tearDown()[pri:0, instance:com.training.sanity.tests.TestCase3@1b604f19]" name="tearDown" is-config="true" duration-ms="2185" started-at="2019-07-09T10:06:55Z" finished-at="2019-07-09T10:06:57Z">
          <reporter-output>
          </reporter-output>
        </test-method> <!-- tearDown -->
      </class> <!-- com.training.sanity.tests.TestCase3 -->
    </test> <!-- Default test -->
  </suite> <!-- Default suite -->
</testng-results>
